<?xml version="1.0" encoding="UTF-8"?>
<testng-results skipped="0" failed="0" ignored="0" total="1" passed="1">
  <reporter-output>
  </reporter-output>
  <suite name="Command line suite" duration-ms="15" started-at="2017-08-15T17:36:16Z" finished-at="2017-08-15T17:36:16Z">
    <groups>
    </groups>
    <test name="Command line test" duration-ms="15" started-at="2017-08-15T17:36:16Z" finished-at="2017-08-15T17:36:16Z">
      <class name="com.amind.AppTest">
        <test-method status="PASS" signature="testApp()[pri:0, instance:testApp(com.amind.AppTest)]" name="testApp" duration-ms="1" started-at="2017-08-15T13:36:16Z" finished-at="2017-08-15T13:36:16Z">
          <reporter-output>
          </reporter-output>
        </test-method> <!-- testApp -->
      </class> <!-- com.amind.AppTest -->
    </test> <!-- Command line test -->
  </suite> <!-- Command line suite -->
</testng-results>
