<?xml version="1.0" encoding="UTF-8"?>
<!-- Generated by org.testng.reporters.JUnitXMLReporter -->
<testsuite hostname="NJCDTL01CD119M" ignored="0" name="Default test" tests="4" failures="0" timestamp="25 Jul 2017 15:04:07 GMT" time="221.426" errors="0">
  <testcase name="Login" time="36.762" classname="com.amind.NewTest"/>
  <testcase name="MDSFlowStart" time="16.258" classname="com.amind.NewTest"/>
  <testcase name="OpptyPageStart" time="64.823" classname="com.amind.NewTest"/>
  <testcase name="OrderHandOff" time="94.674" classname="com.amind.NewTest"/>
</testsuite> <!-- Default test -->
