<?xml version="1.0" encoding="UTF-8"?>
<testng-results skipped="0" failed="0" ignored="0" total="4" passed="4">
  <reporter-output>
  </reporter-output>
  <suite name="Command line suite" duration-ms="237675" started-at="2017-08-15T17:32:17Z" finished-at="2017-08-15T17:36:15Z">
    <groups>
    </groups>
    <test name="Command line test" duration-ms="237675" started-at="2017-08-15T17:32:17Z" finished-at="2017-08-15T17:36:15Z">
      <class name="com.amind.NewTest">
        <test-method status="PASS" signature="beforeClass()[pri:0, instance:com.amind.NewTest@73f792cf]" name="beforeClass" is-config="true" duration-ms="7025" started-at="2017-08-15T13:32:17Z" finished-at="2017-08-15T13:32:24Z">
          <reporter-output>
          </reporter-output>
        </test-method> <!-- beforeClass -->
        <test-method status="PASS" signature="Login()[pri:0, instance:com.amind.NewTest@73f792cf]" name="Login" duration-ms="55925" started-at="2017-08-15T13:32:24Z" finished-at="2017-08-15T13:33:20Z">
          <reporter-output>
          </reporter-output>
        </test-method> <!-- Login -->
        <test-method status="PASS" signature="MDSFlowStart()[pri:0, instance:com.amind.NewTest@73f792cf]" name="MDSFlowStart" duration-ms="17244" started-at="2017-08-15T13:33:20Z" finished-at="2017-08-15T13:33:38Z">
          <reporter-output>
          </reporter-output>
        </test-method> <!-- MDSFlowStart -->
        <test-method status="PASS" signature="OpptyPageStart()[pri:0, instance:com.amind.NewTest@73f792cf]" name="OpptyPageStart" duration-ms="64283" started-at="2017-08-15T13:33:38Z" finished-at="2017-08-15T13:34:42Z">
          <reporter-output>
          </reporter-output>
        </test-method> <!-- OpptyPageStart -->
        <test-method status="PASS" signature="OrderHandOff()[pri:0, instance:com.amind.NewTest@73f792cf]" name="OrderHandOff" duration-ms="93134" started-at="2017-08-15T13:34:42Z" finished-at="2017-08-15T13:36:15Z">
          <reporter-output>
          </reporter-output>
        </test-method> <!-- OrderHandOff -->
      </class> <!-- com.amind.NewTest -->
    </test> <!-- Command line test -->
  </suite> <!-- Command line suite -->
</testng-results>
