<?xml version="1.0" encoding="UTF-8"?>
<!-- Generated by org.testng.reporters.JUnitXMLReporter -->
<testsuite hostname="NJCDTL01CD119M" ignored="0" name="Command line test" tests="4" failures="0" timestamp="15 Aug 2017 14:46:54 GMT" time="215.154" errors="0">
  <testcase name="Login" time="34.421" classname="com.amind.NewTest"/>
  <testcase name="MDSFlowStart" time="16.18" classname="com.amind.NewTest"/>
  <testcase name="OpptyPageStart" time="63.442" classname="com.amind.NewTest"/>
  <testcase name="OrderHandOff" time="93.356" classname="com.amind.NewTest"/>
</testsuite> <!-- Command line test -->
