<?xml version="1.0" encoding="UTF-8"?>
<!-- Generated by org.testng.reporters.JUnitXMLReporter -->
<testsuite hostname="NJCDTL01CD119M" ignored="0" name="Command line test" tests="4" failures="0" timestamp="15 Aug 2017 17:36:15 GMT" time="237.675" errors="0">
  <testcase name="Login" time="55.925" classname="com.amind.NewTest"/>
  <testcase name="MDSFlowStart" time="17.244" classname="com.amind.NewTest"/>
  <testcase name="OpptyPageStart" time="64.283" classname="com.amind.NewTest"/>
  <testcase name="OrderHandOff" time="93.134" classname="com.amind.NewTest"/>
</testsuite> <!-- Command line test -->
