<?xml version="1.0" encoding="UTF-8"?>
<testng-results skipped="0" failed="1" ignored="0" total="4" passed="3">
  <reporter-output>
  </reporter-output>
  <suite name="MDSFormSuite" duration-ms="171705" started-at="2017-08-15T14:28:24Z" finished-at="2017-08-15T14:31:15Z">
    <groups>
    </groups>
    <test name="mdsSanity" duration-ms="171705" started-at="2017-08-15T14:28:24Z" finished-at="2017-08-15T14:31:15Z">
      <class name="com.amind.NewTest">
        <test-method status="PASS" signature="beforeClass()[pri:0, instance:com.amind.NewTest@c285f4]" name="beforeClass" is-config="true" duration-ms="7032" started-at="2017-08-15T10:28:24Z" finished-at="2017-08-15T10:28:31Z">
          <reporter-output>
          </reporter-output>
        </test-method> <!-- beforeClass -->
        <test-method status="PASS" signature="Login()[pri:0, instance:com.amind.NewTest@c285f4]" name="Login" duration-ms="38173" started-at="2017-08-15T10:28:31Z" finished-at="2017-08-15T10:29:09Z">
          <reporter-output>
          </reporter-output>
        </test-method> <!-- Login -->
        <test-method status="PASS" signature="MDSFlowStart()[pri:0, instance:com.amind.NewTest@c285f4]" name="MDSFlowStart" duration-ms="16724" started-at="2017-08-15T10:29:09Z" finished-at="2017-08-15T10:29:26Z">
          <reporter-output>
          </reporter-output>
        </test-method> <!-- MDSFlowStart -->
        <test-method status="PASS" signature="OpptyPageStart()[pri:0, instance:com.amind.NewTest@c285f4]" name="OpptyPageStart" duration-ms="63013" started-at="2017-08-15T10:29:26Z" finished-at="2017-08-15T10:30:29Z">
          <reporter-output>
          </reporter-output>
        </test-method> <!-- OpptyPageStart -->
        <test-method status="FAIL" signature="OrderHandOff()[pri:0, instance:com.amind.NewTest@c285f4]" name="OrderHandOff" duration-ms="46689" started-at="2017-08-15T10:30:29Z" finished-at="2017-08-15T10:31:15Z">
          <exception class="org.openqa.selenium.WebDriverException">
            <message>
              <![CDATA[unknown error: Element <button id="products-0-productInfo-0-categories-0-files-1-supportRequest" name="supportRequest" type="button" data-dui-element="button" data-dui-ruleid="files.supportRequest" data-dui-rowid="1" data-dui-parent-id="products-0-productInfo-0-categories-0-files" data-dui-parent-type="table" data-dui-key="products.0.productInfo.0.categories.0.files.1.supportRequest">...</button> is not clickable at point (1145, 440). Other element would receive the click: <div class="ui-popup-screen ui-overlay-b in" id="se-popup-view-screen"></div>
  (Session info: chrome=60.0.3112.90)
  (Driver info: chromedriver=2.28.455520 (cc17746adff54984afff480136733114c6b3704b),platform=Windows NT 6.1.7601 SP1 x86_64) (WARNING: The server did not provide any stacktrace information)
Command duration or timeout: 163 milliseconds
Build info: version: '3.0.1', revision: '1969d75', time: '2016-10-18 09:49:13 -0700'
System info: host: 'NJCDTL01CD119M', ip: '130.10.255.240', os.name: 'Windows 7', os.arch: 'x86', os.version: '6.1', java.version: '1.8.0_77'
Driver info: org.openqa.selenium.chrome.ChromeDriver
Capabilities [{applicationCacheEnabled=false, rotatable=false, mobileEmulationEnabled=false, networkConnectionEnabled=false, chrome={chromedriverVersion=2.28.455520 (cc17746adff54984afff480136733114c6b3704b), userDataDir=C:\Users\cd119m\AppData\Local\Temp\scoped_dir1300_25887}, takesHeapSnapshot=true, pageLoadStrategy=normal, databaseEnabled=false, handlesAlerts=true, hasTouchScreen=false, version=60.0.3112.90, platform=XP, browserConnectionEnabled=false, nativeEvents=true, acceptSslCerts=true, locationContextEnabled=true, webStorageEnabled=true, browserName=chrome, takesScreenshot=true, javascriptEnabled=true, cssSelectorsEnabled=true, unexpectedAlertBehaviour=}]
Session ID: 7692efe94731dd36d45b49510522e6a2]]>
            </message>
            <full-stacktrace>
              <![CDATA[org.openqa.selenium.WebDriverException: unknown error: Element <button id="products-0-productInfo-0-categories-0-files-1-supportRequest" name="supportRequest" type="button" data-dui-element="button" data-dui-ruleid="files.supportRequest" data-dui-rowid="1" data-dui-parent-id="products-0-productInfo-0-categories-0-files" data-dui-parent-type="table" data-dui-key="products.0.productInfo.0.categories.0.files.1.supportRequest">...</button> is not clickable at point (1145, 440). Other element would receive the click: <div class="ui-popup-screen ui-overlay-b in" id="se-popup-view-screen"></div>
  (Session info: chrome=60.0.3112.90)
  (Driver info: chromedriver=2.28.455520 (cc17746adff54984afff480136733114c6b3704b),platform=Windows NT 6.1.7601 SP1 x86_64) (WARNING: The server did not provide any stacktrace information)
Command duration or timeout: 163 milliseconds
Build info: version: '3.0.1', revision: '1969d75', time: '2016-10-18 09:49:13 -0700'
System info: host: 'NJCDTL01CD119M', ip: '130.10.255.240', os.name: 'Windows 7', os.arch: 'x86', os.version: '6.1', java.version: '1.8.0_77'
Driver info: org.openqa.selenium.chrome.ChromeDriver
Capabilities [{applicationCacheEnabled=false, rotatable=false, mobileEmulationEnabled=false, networkConnectionEnabled=false, chrome={chromedriverVersion=2.28.455520 (cc17746adff54984afff480136733114c6b3704b), userDataDir=C:\Users\cd119m\AppData\Local\Temp\scoped_dir1300_25887}, takesHeapSnapshot=true, pageLoadStrategy=normal, databaseEnabled=false, handlesAlerts=true, hasTouchScreen=false, version=60.0.3112.90, platform=XP, browserConnectionEnabled=false, nativeEvents=true, acceptSslCerts=true, locationContextEnabled=true, webStorageEnabled=true, browserName=chrome, takesScreenshot=true, javascriptEnabled=true, cssSelectorsEnabled=true, unexpectedAlertBehaviour=}]
Session ID: 7692efe94731dd36d45b49510522e6a2
	at sun.reflect.NativeConstructorAccessorImpl.newInstance0(Native Method)
	at sun.reflect.NativeConstructorAccessorImpl.newInstance(Unknown Source)
	at sun.reflect.DelegatingConstructorAccessorImpl.newInstance(Unknown Source)
	at java.lang.reflect.Constructor.newInstance(Unknown Source)
	at org.openqa.selenium.remote.ErrorHandler.createThrowable(ErrorHandler.java:216)
	at org.openqa.selenium.remote.ErrorHandler.throwIfResponseFailed(ErrorHandler.java:168)
	at org.openqa.selenium.remote.RemoteWebDriver.execute(RemoteWebDriver.java:635)
	at org.openqa.selenium.remote.RemoteWebElement.execute(RemoteWebElement.java:274)
	at org.openqa.selenium.remote.RemoteWebElement.click(RemoteWebElement.java:84)
	at sun.reflect.GeneratedMethodAccessor1.invoke(Unknown Source)
	at sun.reflect.DelegatingMethodAccessorImpl.invoke(Unknown Source)
	at java.lang.reflect.Method.invoke(Unknown Source)
	at org.openqa.selenium.support.pagefactory.internal.LocatingElementHandler.invoke(LocatingElementHandler.java:51)
	at com.sun.proxy.$Proxy6.click(Unknown Source)
	at com.amind.OrderHandoffPageFactory.clickCreateReleaseBtn(OrderHandoffPageFactory.java:72)
	at com.amind.NewTest.OrderHandOff(NewTest.java:120)
	at sun.reflect.NativeMethodAccessorImpl.invoke0(Native Method)
	at sun.reflect.NativeMethodAccessorImpl.invoke(Unknown Source)
	at sun.reflect.DelegatingMethodAccessorImpl.invoke(Unknown Source)
	at java.lang.reflect.Method.invoke(Unknown Source)
	at org.testng.internal.MethodInvocationHelper.invokeMethod(MethodInvocationHelper.java:104)
	at org.testng.internal.Invoker.invokeMethod(Invoker.java:645)
	at org.testng.internal.Invoker.invokeTestMethod(Invoker.java:851)
	at org.testng.internal.Invoker.invokeTestMethods(Invoker.java:1177)
	at org.testng.internal.TestMethodWorker.invokeTestMethods(TestMethodWorker.java:129)
	at org.testng.internal.TestMethodWorker.run(TestMethodWorker.java:112)
	at org.testng.TestRunner.privateRun(TestRunner.java:756)
	at org.testng.TestRunner.run(TestRunner.java:610)
	at org.testng.SuiteRunner.runTest(SuiteRunner.java:387)
	at org.testng.SuiteRunner.runSequentially(SuiteRunner.java:382)
	at org.testng.SuiteRunner.privateRun(SuiteRunner.java:340)
	at org.testng.SuiteRunner.run(SuiteRunner.java:289)
	at org.testng.SuiteRunnerWorker.runSuite(SuiteRunnerWorker.java:52)
	at org.testng.SuiteRunnerWorker.run(SuiteRunnerWorker.java:86)
	at org.testng.TestNG.runSuitesSequentially(TestNG.java:1293)
	at org.testng.TestNG.runSuitesLocally(TestNG.java:1218)
	at org.testng.TestNG.runSuites(TestNG.java:1133)
	at org.testng.TestNG.run(TestNG.java:1104)
	at org.testng.remote.AbstractRemoteTestNG.run(AbstractRemoteTestNG.java:132)
	at org.testng.remote.RemoteTestNG.initAndRun(RemoteTestNG.java:230)
	at org.testng.remote.RemoteTestNG.main(RemoteTestNG.java:76)
]]>
            </full-stacktrace>
          </exception> <!-- org.openqa.selenium.WebDriverException -->
          <reporter-output>
          </reporter-output>
        </test-method> <!-- OrderHandOff -->
      </class> <!-- com.amind.NewTest -->
    </test> <!-- mdsSanity -->
  </suite> <!-- MDSFormSuite -->
</testng-results>
